2022-05-17 17:11:43 INFO  Log:14 - =====================================login TEST START=========================================
2022-05-17 17:11:46 INFO  Log:25 - signin done
2022-05-17 17:11:46 INFO  Log:18 - =====================================login TEST END=========================================
2022-05-17 17:11:46 INFO  Log:14 - =====================================logout TEST START=========================================
2022-05-17 17:11:48 INFO  Log:18 - =====================================logout TEST END=========================================
2022-05-17 17:11:48 INFO  Log:25 - TEST finished
2022-05-18 16:42:54 INFO  Log:14 - =====================================fileScript TEST START=========================================
2022-05-18 16:42:54 INFO  Log:18 - =====================================fileScript TEST END=========================================
2022-05-18 16:42:54 INFO  Log:25 - TEST finished
2022-05-18 16:45:59 INFO  Log:14 - =====================================fileScript TEST START=========================================
2022-05-18 16:45:59 INFO  Log:18 - =====================================fileScript TEST END=========================================
2022-05-18 16:45:59 INFO  Log:25 - TEST finished
2022-05-18 16:51:34 INFO  Log:25 - TEST finished
2022-05-18 16:53:16 INFO  Log:14 - =====================================fileScript TEST START=========================================
2022-05-18 16:53:17 ERROR Log:42 - Test FAILED
2022-05-18 16:53:17 INFO  Log:25 - TEST finished
2022-05-18 17:04:25 INFO  Log:14 - =====================================fileScript TEST START=========================================
2022-05-18 17:04:25 ERROR Log:42 - Test FAILED
2022-05-18 17:04:25 INFO  Log:25 - TEST finished
2022-05-18 17:12:24 INFO  Log:14 - =====================================fileScript TEST START=========================================
2022-05-18 17:12:27 INFO  Log:18 - =====================================fileScript TEST END=========================================
2022-05-18 17:12:27 INFO  Log:25 - TEST finished
2022-05-18 17:18:43 INFO  Log:14 - =====================================fileScript TEST START=========================================
2022-05-18 17:18:44 INFO  Log:18 - =====================================fileScript TEST END=========================================
2022-05-18 17:18:44 INFO  Log:25 - TEST finished
2022-05-18 17:25:19 INFO  Log:14 - =====================================fileScript TEST START=========================================
2022-05-18 17:25:19 INFO  Log:18 - =====================================fileScript TEST END=========================================
2022-05-18 17:25:19 INFO  Log:25 - TEST finished
2022-05-18 17:28:01 INFO  Log:14 - =====================================fileScript TEST START=========================================
2022-05-18 17:28:01 INFO  Log:18 - =====================================fileScript TEST END=========================================
2022-05-18 17:28:01 INFO  Log:25 - TEST finished
2022-05-18 17:32:18 INFO  Log:14 - =====================================fileScript TEST START=========================================
2022-05-18 17:32:18 INFO  Log:18 - =====================================fileScript TEST END=========================================
2022-05-18 17:32:18 INFO  Log:25 - TEST finished
2022-05-18 17:33:49 INFO  Log:14 - =====================================fileScript TEST START=========================================
2022-05-18 17:33:50 ERROR Log:42 - Test FAILED
2022-05-18 17:33:50 INFO  Log:25 - TEST finished
2022-05-18 17:35:35 INFO  Log:14 - =====================================fileScript TEST START=========================================
2022-05-18 17:35:35 INFO  Log:18 - =====================================fileScript TEST END=========================================
2022-05-18 17:35:35 INFO  Log:25 - TEST finished
2022-05-18 17:38:27 INFO  Log:14 - =====================================fileScript TEST START=========================================
2022-05-18 17:38:27 ERROR Log:42 - Test FAILED
2022-05-18 17:38:27 INFO  Log:25 - TEST finished
2022-05-18 17:39:34 INFO  Log:14 - =====================================fileScript TEST START=========================================
2022-05-18 17:39:35 INFO  Log:18 - =====================================fileScript TEST END=========================================
2022-05-18 17:39:35 INFO  Log:25 - TEST finished
2022-05-18 17:40:54 INFO  Log:14 - =====================================fileScript TEST START=========================================
2022-05-18 17:40:54 INFO  Log:18 - =====================================fileScript TEST END=========================================
2022-05-18 17:40:54 INFO  Log:25 - TEST finished
2022-05-18 18:04:55 INFO  Log:14 - =====================================fileScript TEST START=========================================
2022-05-18 18:04:58 INFO  Log:18 - =====================================fileScript TEST END=========================================
2022-05-18 18:04:58 INFO  Log:25 - TEST finished
2022-05-18 18:05:51 INFO  Log:14 - =====================================fileScript TEST START=========================================
2022-05-18 18:05:53 ERROR Log:42 - Test FAILED
2022-05-18 18:05:53 INFO  Log:25 - TEST finished
2022-05-19 10:54:02 INFO  Log:14 - =====================================login TEST START=========================================
2022-05-19 10:54:05 INFO  Log:25 - signin done
2022-05-19 10:54:05 ERROR Log:30 - not able to accept alert due to exception : 
org.openqa.selenium.NoAlertPresentException: no such alert
  (Session info: MicrosoftEdge=101.0.1210.47)
Build info: version: '4.1.1', revision: 'e8fcc2cecf'
System info: host: 'ESLLAP-3639', ip: '192.168.43.219', os.name: 'Windows 10', os.arch: 'amd64', os.version: '10.0', java.version: '16.0.1'
Driver info: org.openqa.selenium.edge.EdgeDriver
Command: [c5502f9e42a4fc9b905ea68e67da0f09, getAlertText {}]
Capabilities {acceptInsecureCerts: false, browserName: msedge, browserVersion: 101.0.1210.47, javascriptEnabled: true, ms:edgeOptions: {debuggerAddress: localhost:54770}, msedge: {msedgedriverVersion: 101.0.1210.47 (f5323bd54bb6..., userDataDir: C:\Users\12053\AppData\Loca...}, networkConnectionEnabled: false, pageLoadStrategy: normal, platform: WINDOWS, platformName: WINDOWS, proxy: Proxy(), se:cdp: ws://localhost:54770/devtoo..., se:cdpVersion: 101.0.1210.47, setWindowRect: true, strictFileInteractability: false, timeouts: {implicit: 0, pageLoad: 300000, script: 30000}, unhandledPromptBehavior: dismiss and notify, webauthn:extension:credBlob: true, webauthn:extension:largeBlob: true, webauthn:virtualAuthenticators: true}
Session ID: c5502f9e42a4fc9b905ea68e67da0f09
	at java.base/jdk.internal.reflect.NativeConstructorAccessorImpl.newInstance0(Native Method)
	at java.base/jdk.internal.reflect.NativeConstructorAccessorImpl.newInstance(NativeConstructorAccessorImpl.java:78)
	at java.base/jdk.internal.reflect.DelegatingConstructorAccessorImpl.newInstance(DelegatingConstructorAccessorImpl.java:45)
	at java.base/java.lang.reflect.Constructor.newInstanceWithCaller(Constructor.java:499)
	at java.base/java.lang.reflect.Constructor.newInstance(Constructor.java:480)
	at org.openqa.selenium.remote.codec.w3c.W3CHttpResponseCodec.createException(W3CHttpResponseCodec.java:200)
	at org.openqa.selenium.remote.codec.w3c.W3CHttpResponseCodec.decode(W3CHttpResponseCodec.java:133)
	at org.openqa.selenium.remote.codec.w3c.W3CHttpResponseCodec.decode(W3CHttpResponseCodec.java:53)
	at org.openqa.selenium.remote.HttpCommandExecutor.execute(HttpCommandExecutor.java:184)
	at org.openqa.selenium.remote.service.DriverCommandExecutor.invokeExecute(DriverCommandExecutor.java:167)
	at org.openqa.selenium.remote.service.DriverCommandExecutor.execute(DriverCommandExecutor.java:142)
	at org.openqa.selenium.remote.RemoteWebDriver.execute(RemoteWebDriver.java:543)
	at org.openqa.selenium.remote.RemoteWebDriver.execute(RemoteWebDriver.java:598)
	at org.openqa.selenium.remote.RemoteWebDriver.execute(RemoteWebDriver.java:602)
	at org.openqa.selenium.remote.RemoteWebDriver$RemoteTargetLocator.alert(RemoteWebDriver.java:1095)
	at commands.ElementActions.acceptAlert(ElementActions.java:249)
	at jarvis.scripts.LoginLogout.login(LoginLogout.java:37)
	at java.base/jdk.internal.reflect.NativeMethodAccessorImpl.invoke0(Native Method)
	at java.base/jdk.internal.reflect.NativeMethodAccessorImpl.invoke(NativeMethodAccessorImpl.java:78)
	at java.base/jdk.internal.reflect.DelegatingMethodAccessorImpl.invoke(DelegatingMethodAccessorImpl.java:43)
	at java.base/java.lang.reflect.Method.invoke(Method.java:567)
	at org.testng.internal.MethodInvocationHelper.invokeMethod(MethodInvocationHelper.java:80)
	at org.testng.internal.Invoker.invokeMethod(Invoker.java:714)
	at org.testng.internal.Invoker.invokeTestMethod(Invoker.java:901)
	at org.testng.internal.Invoker.invokeTestMethods(Invoker.java:1231)
	at org.testng.internal.TestMethodWorker.invokeTestMethods(TestMethodWorker.java:127)
	at org.testng.internal.TestMethodWorker.run(TestMethodWorker.java:111)
	at org.testng.TestRunner.privateRun(TestRunner.java:767)
	at org.testng.TestRunner.run(TestRunner.java:617)
	at org.testng.SuiteRunner.runTest(SuiteRunner.java:334)
	at org.testng.SuiteRunner.runSequentially(SuiteRunner.java:329)
	at org.testng.SuiteRunner.privateRun(SuiteRunner.java:291)
	at org.testng.SuiteRunner.run(SuiteRunner.java:240)
	at org.testng.SuiteRunnerWorker.runSuite(SuiteRunnerWorker.java:52)
	at org.testng.SuiteRunnerWorker.run(SuiteRunnerWorker.java:86)
	at org.testng.TestNG.runSuitesSequentially(TestNG.java:1198)
	at org.testng.TestNG.runSuitesLocally(TestNG.java:1123)
	at org.testng.TestNG.run(TestNG.java:1031)
	at org.testng.remote.AbstractRemoteTestNG.run(AbstractRemoteTestNG.java:115)
	at org.testng.remote.RemoteTestNG.initAndRun(RemoteTestNG.java:251)
	at org.testng.remote.RemoteTestNG.main(RemoteTestNG.java:77)
2022-05-19 10:54:06 ERROR Log:42 - Test FAILED
2022-05-19 10:54:06 INFO  Log:25 - TEST finished
2022-05-19 11:26:00 INFO  Log:14 - =====================================login TEST START=========================================
2022-05-19 11:26:01 ERROR Log:42 - Test FAILED
2022-05-19 11:26:01 INFO  Log:25 - TEST finished
2022-05-19 11:29:53 INFO  Log:14 - =====================================login TEST START=========================================
2022-05-19 11:29:56 INFO  Log:25 - signin done
2022-05-19 11:29:56 ERROR Log:30 - not able to accept alert due to exception : 
org.openqa.selenium.NoAlertPresentException: no such alert
  (Session info: MicrosoftEdge=101.0.1210.47)
Build info: version: '4.1.1', revision: 'e8fcc2cecf'
System info: host: 'ESLLAP-3639', ip: '192.168.43.219', os.name: 'Windows 10', os.arch: 'amd64', os.version: '10.0', java.version: '16.0.1'
Driver info: org.openqa.selenium.edge.EdgeDriver
Command: [359d2383d46689e6c14ff1807d22b982, getAlertText {}]
Capabilities {acceptInsecureCerts: false, browserName: msedge, browserVersion: 101.0.1210.47, javascriptEnabled: true, ms:edgeOptions: {debuggerAddress: localhost:64631}, msedge: {msedgedriverVersion: 101.0.1210.47 (f5323bd54bb6..., userDataDir: C:\Users\12053\AppData\Loca...}, networkConnectionEnabled: false, pageLoadStrategy: normal, platform: WINDOWS, platformName: WINDOWS, proxy: Proxy(), se:cdp: ws://localhost:64631/devtoo..., se:cdpVersion: 101.0.1210.47, setWindowRect: true, strictFileInteractability: false, timeouts: {implicit: 0, pageLoad: 300000, script: 30000}, unhandledPromptBehavior: dismiss and notify, webauthn:extension:credBlob: true, webauthn:extension:largeBlob: true, webauthn:virtualAuthenticators: true}
Session ID: 359d2383d46689e6c14ff1807d22b982
	at java.base/jdk.internal.reflect.NativeConstructorAccessorImpl.newInstance0(Native Method)
	at java.base/jdk.internal.reflect.NativeConstructorAccessorImpl.newInstance(NativeConstructorAccessorImpl.java:78)
	at java.base/jdk.internal.reflect.DelegatingConstructorAccessorImpl.newInstance(DelegatingConstructorAccessorImpl.java:45)
	at java.base/java.lang.reflect.Constructor.newInstanceWithCaller(Constructor.java:499)
	at java.base/java.lang.reflect.Constructor.newInstance(Constructor.java:480)
	at org.openqa.selenium.remote.codec.w3c.W3CHttpResponseCodec.createException(W3CHttpResponseCodec.java:200)
	at org.openqa.selenium.remote.codec.w3c.W3CHttpResponseCodec.decode(W3CHttpResponseCodec.java:133)
	at org.openqa.selenium.remote.codec.w3c.W3CHttpResponseCodec.decode(W3CHttpResponseCodec.java:53)
	at org.openqa.selenium.remote.HttpCommandExecutor.execute(HttpCommandExecutor.java:184)
	at org.openqa.selenium.remote.service.DriverCommandExecutor.invokeExecute(DriverCommandExecutor.java:167)
	at org.openqa.selenium.remote.service.DriverCommandExecutor.execute(DriverCommandExecutor.java:142)
	at org.openqa.selenium.remote.RemoteWebDriver.execute(RemoteWebDriver.java:543)
	at org.openqa.selenium.remote.RemoteWebDriver.execute(RemoteWebDriver.java:598)
	at org.openqa.selenium.remote.RemoteWebDriver.execute(RemoteWebDriver.java:602)
	at org.openqa.selenium.remote.RemoteWebDriver$RemoteTargetLocator.alert(RemoteWebDriver.java:1095)
	at commands.ElementActions.acceptAlert(ElementActions.java:249)
	at jarvis.scripts.LoginLogout.login(LoginLogout.java:37)
	at java.base/jdk.internal.reflect.NativeMethodAccessorImpl.invoke0(Native Method)
	at java.base/jdk.internal.reflect.NativeMethodAccessorImpl.invoke(NativeMethodAccessorImpl.java:78)
	at java.base/jdk.internal.reflect.DelegatingMethodAccessorImpl.invoke(DelegatingMethodAccessorImpl.java:43)
	at java.base/java.lang.reflect.Method.invoke(Method.java:567)
	at org.testng.internal.MethodInvocationHelper.invokeMethod(MethodInvocationHelper.java:80)
	at org.testng.internal.Invoker.invokeMethod(Invoker.java:714)
	at org.testng.internal.Invoker.invokeTestMethod(Invoker.java:901)
	at org.testng.internal.Invoker.invokeTestMethods(Invoker.java:1231)
	at org.testng.internal.TestMethodWorker.invokeTestMethods(TestMethodWorker.java:127)
	at org.testng.internal.TestMethodWorker.run(TestMethodWorker.java:111)
	at org.testng.TestRunner.privateRun(TestRunner.java:767)
	at org.testng.TestRunner.run(TestRunner.java:617)
	at org.testng.SuiteRunner.runTest(SuiteRunner.java:334)
	at org.testng.SuiteRunner.runSequentially(SuiteRunner.java:329)
	at org.testng.SuiteRunner.privateRun(SuiteRunner.java:291)
	at org.testng.SuiteRunner.run(SuiteRunner.java:240)
	at org.testng.SuiteRunnerWorker.runSuite(SuiteRunnerWorker.java:52)
	at org.testng.SuiteRunnerWorker.run(SuiteRunnerWorker.java:86)
	at org.testng.TestNG.runSuitesSequentially(TestNG.java:1198)
	at org.testng.TestNG.runSuitesLocally(TestNG.java:1123)
	at org.testng.TestNG.run(TestNG.java:1031)
	at org.testng.remote.AbstractRemoteTestNG.run(AbstractRemoteTestNG.java:115)
	at org.testng.remote.RemoteTestNG.initAndRun(RemoteTestNG.java:251)
	at org.testng.remote.RemoteTestNG.main(RemoteTestNG.java:77)
2022-05-19 11:29:57 ERROR Log:47 - Test FAILED
2022-05-19 11:29:57 INFO  Log:25 - TEST finished
2022-05-19 11:31:18 INFO  Log:14 - =====================================login TEST START=========================================
2022-05-19 11:31:21 INFO  Log:25 - signin done
2022-05-19 11:31:21 ERROR Log:35 - no such alert
  (Session info: MicrosoftEdge=101.0.1210.47)
Build info: version: '4.1.1', revision: 'e8fcc2cecf'
System info: host: 'ESLLAP-3639', ip: '192.168.43.219', os.name: 'Windows 10', os.arch: 'amd64', os.version: '10.0', java.version: '16.0.1'
Driver info: org.openqa.selenium.edge.EdgeDriver
Command: [221e3820262d32ea3131036d51e327d9, getAlertText {}]
Capabilities {acceptInsecureCerts: false, browserName: msedge, browserVersion: 101.0.1210.47, javascriptEnabled: true, ms:edgeOptions: {debuggerAddress: localhost:64705}, msedge: {msedgedriverVersion: 101.0.1210.47 (f5323bd54bb6..., userDataDir: C:\Users\12053\AppData\Loca...}, networkConnectionEnabled: false, pageLoadStrategy: normal, platform: WINDOWS, platformName: WINDOWS, proxy: Proxy(), se:cdp: ws://localhost:64705/devtoo..., se:cdpVersion: 101.0.1210.47, setWindowRect: true, strictFileInteractability: false, timeouts: {implicit: 0, pageLoad: 300000, script: 30000}, unhandledPromptBehavior: dismiss and notify, webauthn:extension:credBlob: true, webauthn:extension:largeBlob: true, webauthn:virtualAuthenticators: true}
Session ID: 221e3820262d32ea3131036d51e327d9
2022-05-19 11:31:21 ERROR Log:47 - Test FAILED
2022-05-19 11:31:21 INFO  Log:25 - TEST finished
2022-05-19 11:38:06 INFO  Log:14 - =====================================login TEST START=========================================
2022-05-19 11:38:09 INFO  Log:25 - signin done
2022-05-19 11:38:09 ERROR Log:35 - no such alert
  (Session info: MicrosoftEdge=101.0.1210.47)
Build info: version: '4.1.1', revision: 'e8fcc2cecf'
System info: host: 'ESLLAP-3639', ip: '192.168.43.219', os.name: 'Windows 10', os.arch: 'amd64', os.version: '10.0', java.version: '16.0.1'
Driver info: org.openqa.selenium.edge.EdgeDriver
Command: [1e71907bbe5d2175ed3868bad3ab19dc, getAlertText {}]
Capabilities {acceptInsecureCerts: false, browserName: msedge, browserVersion: 101.0.1210.47, javascriptEnabled: true, ms:edgeOptions: {debuggerAddress: localhost:64804}, msedge: {msedgedriverVersion: 101.0.1210.47 (f5323bd54bb6..., userDataDir: C:\Users\12053\AppData\Loca...}, networkConnectionEnabled: false, pageLoadStrategy: normal, platform: WINDOWS, platformName: WINDOWS, proxy: Proxy(), se:cdp: ws://localhost:64804/devtoo..., se:cdpVersion: 101.0.1210.47, setWindowRect: true, strictFileInteractability: false, timeouts: {implicit: 0, pageLoad: 300000, script: 30000}, unhandledPromptBehavior: dismiss and notify, webauthn:extension:credBlob: true, webauthn:extension:largeBlob: true, webauthn:virtualAuthenticators: true}
Session ID: 1e71907bbe5d2175ed3868bad3ab19dc
2022-05-19 11:38:09 ERROR Log:47 - Test FAILED
2022-05-19 11:38:09 INFO  Log:25 - TEST finished
2022-05-19 11:44:43 INFO  Log:14 - =====================================login TEST START=========================================
2022-05-19 11:44:46 INFO  Log:28 - signin done
2022-05-19 11:44:46 ERROR Log:38 - no such alert
  (Session info: MicrosoftEdge=101.0.1210.47)
Build info: version: '4.1.1', revision: 'e8fcc2cecf'
System info: host: 'ESLLAP-3639', ip: '192.168.43.219', os.name: 'Windows 10', os.arch: 'amd64', os.version: '10.0', java.version: '16.0.1'
Driver info: org.openqa.selenium.edge.EdgeDriver
Command: [276cc1d40f0ef603ff34f2683a3d0431, getAlertText {}]
Capabilities {acceptInsecureCerts: false, browserName: msedge, browserVersion: 101.0.1210.47, javascriptEnabled: true, ms:edgeOptions: {debuggerAddress: localhost:64898}, msedge: {msedgedriverVersion: 101.0.1210.47 (f5323bd54bb6..., userDataDir: C:\Users\12053\AppData\Loca...}, networkConnectionEnabled: false, pageLoadStrategy: normal, platform: WINDOWS, platformName: WINDOWS, proxy: Proxy(), se:cdp: ws://localhost:64898/devtoo..., se:cdpVersion: 101.0.1210.47, setWindowRect: true, strictFileInteractability: false, timeouts: {implicit: 0, pageLoad: 300000, script: 30000}, unhandledPromptBehavior: dismiss and notify, webauthn:extension:credBlob: true, webauthn:extension:largeBlob: true, webauthn:virtualAuthenticators: true}
Session ID: 276cc1d40f0ef603ff34f2683a3d0431
2022-05-19 11:44:46 INFO  Log:21 - =====================================login TEST FAILED=========================================
2022-05-19 11:44:46 INFO  Log:28 - TEST finished
2022-05-19 11:55:48 INFO  Log:14 - =====================================login TEST START=========================================
2022-05-19 11:55:51 INFO  Log:28 - signin done
2022-05-19 11:55:51 INFO  Log:18 - =====================================login TEST END=========================================
2022-05-19 11:57:11 INFO  Log:14 - =====================================login TEST START=========================================
2022-05-19 11:57:14 INFO  Log:28 - signin done
2022-05-19 11:57:14 INFO  Log:18 - =====================================login TEST END=========================================
2022-05-19 11:58:25 INFO  Log:14 - =====================================login TEST START=========================================
2022-05-19 11:58:28 INFO  Log:28 - signin done
2022-05-19 11:58:29 INFO  Log:18 - =====================================login TEST END=========================================
2022-05-19 11:59:25 INFO  Log:14 - =====================================login TEST START=========================================
2022-05-19 11:59:28 INFO  Log:28 - signin done
2022-05-19 11:59:28 INFO  Log:18 - =====================================login TEST END=========================================
2022-05-19 12:04:29 INFO  Log:14 - =====================================login TEST START=========================================
2022-05-19 12:04:32 INFO  Log:28 - signin done
2022-05-19 12:04:32 INFO  Log:18 - =====================================login TEST END=========================================
2022-05-19 12:04:32 INFO  Log:14 - =====================================logout TEST START=========================================
2022-05-19 12:04:33 INFO  Log:18 - =====================================logout TEST END=========================================
2022-05-19 12:07:44 INFO  Log:14 - =====================================login  START=========================================
2022-05-19 12:07:47 INFO  Log:28 - signin done
2022-05-19 12:07:48 INFO  Log:18 - =====================================login  END=========================================
2022-05-19 12:07:48 INFO  Log:14 - =====================================logout  START=========================================
2022-05-19 12:07:49 INFO  Log:18 - =====================================logout  END=========================================
2022-05-19 12:16:31 INFO  Log:14 - =====================================login  START=========================================
2022-05-19 12:16:33 INFO  Log:28 - signin done
2022-05-19 12:16:34 INFO  Log:18 - =====================================login  END=========================================
2022-05-19 12:16:34 INFO  Log:14 - =====================================logout  START=========================================
2022-05-19 12:16:35 INFO  Log:18 - =====================================logout  END=========================================
